c:\users\thana\visualc++projects\neuralnetwork\neuralnetwork\debug\neuralnetwork.pch
c:\users\thana\visualc++projects\neuralnetwork\neuralnetwork\debug\vc141.pdb
c:\users\thana\visualc++projects\neuralnetwork\neuralnetwork\debug\vc141.idb
c:\users\thana\visualc++projects\neuralnetwork\neuralnetwork\debug\stdafx.obj
c:\users\thana\visualc++projects\neuralnetwork\neuralnetwork\debug\genericfunc.obj
c:\users\thana\visualc++projects\neuralnetwork\neuralnetwork\debug\layer.obj
c:\users\thana\visualc++projects\neuralnetwork\neuralnetwork\debug\main.obj
c:\users\thana\visualc++projects\neuralnetwork\neuralnetwork\debug\mathfunc.obj
c:\users\thana\visualc++projects\neuralnetwork\neuralnetwork\debug\neuralnetwork.obj
c:\users\thana\visualc++projects\neuralnetwork\neuralnetwork\debug\neuron.obj
c:\users\thana\visualc++projects\neuralnetwork\neuralnetwork\debug\propertiesparser.obj
c:\users\thana\visualc++projects\neuralnetwork\debug\neuralnetwork.ilk
c:\users\thana\visualc++projects\neuralnetwork\debug\neuralnetwork.exe
c:\users\thana\visualc++projects\neuralnetwork\debug\neuralnetwork.pdb
c:\users\thana\visualc++projects\neuralnetwork\neuralnetwork\debug\neuralnetwork.tlog\cl.command.1.tlog
c:\users\thana\visualc++projects\neuralnetwork\neuralnetwork\debug\neuralnetwork.tlog\cl.read.1.tlog
c:\users\thana\visualc++projects\neuralnetwork\neuralnetwork\debug\neuralnetwork.tlog\cl.write.1.tlog
c:\users\thana\visualc++projects\neuralnetwork\neuralnetwork\debug\neuralnetwork.tlog\link.command.1.tlog
c:\users\thana\visualc++projects\neuralnetwork\neuralnetwork\debug\neuralnetwork.tlog\link.read.1.tlog
c:\users\thana\visualc++projects\neuralnetwork\neuralnetwork\debug\neuralnetwork.tlog\link.write.1.tlog
