c:\users\thana\visualc++projects\neuralnetwork\neuralnetwork\release\neuralnetwork.pch
c:\users\thana\visualc++projects\neuralnetwork\neuralnetwork\release\vc141.pdb
c:\users\thana\visualc++projects\neuralnetwork\neuralnetwork\release\stdafx.obj
c:\users\thana\visualc++projects\neuralnetwork\neuralnetwork\release\main.obj
c:\users\thana\visualc++projects\neuralnetwork\neuralnetwork\release\neuralnetwork.obj
c:\users\thana\visualc++projects\neuralnetwork\neuralnetwork\release\mathfunc.obj
c:\users\thana\visualc++projects\neuralnetwork\neuralnetwork\release\layer.obj
c:\users\thana\visualc++projects\neuralnetwork\neuralnetwork\release\neuron.obj
c:\users\thana\visualc++projects\neuralnetwork\neuralnetwork\release\propertiesparser.obj
c:\users\thana\visualc++projects\neuralnetwork\neuralnetwork\release\genericfunc.obj
c:\users\thana\visualc++projects\neuralnetwork\release\neuralnetwork.exe
c:\users\thana\visualc++projects\neuralnetwork\release\neuralnetwork.pdb
c:\users\thana\visualc++projects\neuralnetwork\release\neuralnetwork.ipdb
c:\users\thana\visualc++projects\neuralnetwork\release\neuralnetwork.iobj
c:\users\thana\visualc++projects\neuralnetwork\neuralnetwork\release\neuralnetwork.tlog\cl.command.1.tlog
c:\users\thana\visualc++projects\neuralnetwork\neuralnetwork\release\neuralnetwork.tlog\cl.read.1.tlog
c:\users\thana\visualc++projects\neuralnetwork\neuralnetwork\release\neuralnetwork.tlog\cl.write.1.tlog
c:\users\thana\visualc++projects\neuralnetwork\neuralnetwork\release\neuralnetwork.tlog\link.command.1.tlog
c:\users\thana\visualc++projects\neuralnetwork\neuralnetwork\release\neuralnetwork.tlog\link.read.1.tlog
c:\users\thana\visualc++projects\neuralnetwork\neuralnetwork\release\neuralnetwork.tlog\link.write.1.tlog
c:\users\thana\visualc++projects\neuralnetwork\neuralnetwork\release\neuralnetwork.tlog\neuralnetwork.write.1u.tlog
